# this is the list of indices to be calculated using calcindices.py
# 
# each line have to have entries in the following sequence: variable,dataset,domain,basetime,index
# there must be no spaces
# lines commented with # and empty lines will be ignored
#
# allowed terms: 
# variable: pr
# dataset: ARC2 TAMSAT-v3.1 CHIRPS-v2.0-p05
# domain: sadc sey com mau
# basetime: mon seas year pent dek
# index: PRCPTOT Rx1day Rx5day
# anomtype: relative, absolute, quantile
# ovwerwrite: 0,1
#
# not all combinations of dataset and domain are possible, as not all datasets cover all domains, and not all datasets have appropriate resolution for small domains
# sadc: all
# sey,com,mau: CHIRPS-v2.0-p05
# 

ERA5,reanalysis,sadc,tasmin,mon,TN,index,1991,2020,0,0
ERA5,reanalysis,sadc,tasmin,mon,TN,absanom,1991,2020,0,0
ERA5,reanalysis,sadc,tasmax,mon,TX,index,1991,2020,0,0
ERA5,reanalysis,sadc,tasmax,mon,TX,absanom,1991,2020,0,0
ERA5,reanalysis,sadc,tasmin,mon,TNn,index,1991,2020,0,0
ERA5,reanalysis,sadc,tasmax,mon,TXx,index,1991,2020,0,0

ERA5,reanalysis,sadc,tasmin,dek,TN,index,1991,2020,0,0
ERA5,reanalysis,sadc,tasmin,dek,TN,absanom,1991,2020,0,0
ERA5,reanalysis,sadc,tasmax,dek,TX,index,1991,2020,0,0
ERA5,reanalysis,sadc,tasmax,dek,TX,absanom,1991,2020,0,0
ERA5,reanalysis,sadc,tasmin,dek,TNn,index,1991,2020,0,0
ERA5,reanalysis,sadc,tasmax,dek,TXx,index,1991,2020,0,0

ERA5,reanalysis,sadc,tasmin,pent,TN,index,1991,2020,0,0
ERA5,reanalysis,sadc,tasmin,pent,TN,absanom,1991,2020,0,0
ERA5,reanalysis,sadc,tasmax,pent,TX,index,1991,2020,0,0
ERA5,reanalysis,sadc,tasmax,pent,TX,absanom,1991,2020,0,0
ERA5,reanalysis,sadc,tasmin,pent,TNn,index,1991,2020,0,0
ERA5,reanalysis,sadc,tasmax,pent,TXx,index,1991,2020,0,0

ERA5,reanalysis,sadc,tasmin,seas,TN,index,1991,2020,0,0
ERA5,reanalysis,sadc,tasmin,seas,TN,absanom,1991,2020,0,0
ERA5,reanalysis,sadc,tasmin,seas,TNn,index,1991,2020,0,0
ERA5,reanalysis,sadc,tasmax,seas,TX,index,1991,2020,0,0
ERA5,reanalysis,sadc,tasmax,seas,TX,absanom,1991,2020,0,0
ERA5,reanalysis,sadc,tasmax,seas,TXx,index,1991,2020,0,0


