##########################################################################
# list of indices to be calculated using calc_etccdi.sh
# this file is intended to calculate climatologies only and thus does not
# have to be run on a regular basis
# 
# P.Wolski wolski@csag.uct.ac.za
#
# July 2024
#
##########################################################################
#
# each line have to have entries in the following sequence: dataset,datatype,domain,variable,basetime,index,indextype,climfirstyear,climlastyear,fraction_missing,overwrite
# there must be no spaces
# lines commented with # and empty lines will ored
#
# allowed terms: 
# dataset: ARC2 TAMSAT-v3.1 CHIRPS-v2.0-p05-merged ERA5
# datatype: observed or reanalysis, depending on the dataset
# domain: sadc sey com mau
# variable: name of the variable for which data are available at daily time scale, pr for rainfall, tasmin tasmax for temperature
# basetime: mon seas year pent dek
# index: PRCPTOT Rx1day Rx5day etc
# indextype: clim 
# climfirstyear and climlastyear are what the are. currently 1991 2020 is used as per WMO recommendations
# fraction_missing - what fraction of data series is allowed to be missing in order for the index to be calculated
# ovwerwrite: 0,1
#
# these are "essential variables" and climatologies are calculated for each basetime
#CHIRPS-v2.0-p05-merged,observed,sadc,pr,seas,PRCPTOT,clim,1991,2020,0.2,1
#CHIRPS-v2.0-p05-merged,observed,sadc,pr,mon,PRCPTOT,clim,1991,2020,0.2,0
#CHIRPS-v2.0-p05-merged,observed,sadc,pr,dek,PRCPTOT,clim,1991,2020,0.2,0
#CHIRPS-v2.0-p05-merged,observed,sadc,pr,pent,PRCPTOT,clim,1991,2020,0.2,0

#ERA5,reanalysis,sadc,tasmin,seas,TN,clim,1991,2020,0,1
#ERA5,reanalysis,sadc,tasmin,mon,TN,clim,1991,2020,0,0
#ERA5,reanalysis,sadc,tasmin,dek,TN,clim,1991,2020,0,0
#ERA5,reanalysis,sadc,tasmin,pent,TN,clim,1991,2020,0,0

#ERA5,reanalysis,sadc,tasmax,seas,TX,clim,1991,2020,0,1
#ERA5,reanalysis,sadc,tasmax,mon,TX,clim,1991,2020,0,0
#ERA5,reanalysis,sadc,tasmax,dek,TX,clim,1991,2020,0,0
#ERA5,reanalysis,sadc,tasmax,pent,TX,clim,1991,2020,0,0

#ARC2,observed,sadc,pr,seas,PRCPTOT,clim,1991,2020,0.2,0
#ARC2,observed,sadc,pr,mon,PRCPTOT,clim,1991,2020,0.2,0
#ARC2,observed,sadc,pr,dek,PRCPTOT,clim,1991,2020,0.2,0
#ARC2,observed,sadc,pr,pent,PRCPTOT,clim,1991,2020,0.2,0

#TAMSAT-v3.1,observed,sadc,pr,seas,PRCPTOT,clim,1991,2020,0.2,0
#TAMSAT-v3.1,observed,sadc,pr,mon,PRCPTOT,clim,1991,2020,0.2,0
#TAMSAT-v3.1,observed,sadc,pr,dek,PRCPTOT,clim,1991,2020,0.2,0
#TAMSAT-v3.1,observed,sadc,pr,pent,PRCPTOT,clim,1991,2020,0.2,0

#climatologies for these variables are calculated only on seasonal and monthly basis
#CHIRPS-v2.0-p05-merged,observed,sadc,pr,seas,Rx1day,clim,1991,2020,0.2,0
CHIRPS-v2.0-p05-merged,observed,sadc,pr,seas,Rx5day,clim,1991,2020,0.2,0
CHIRPS-v2.0-p05-merged,observed,sadc,pr,seas,R1mm,clim,1991,2020,0.2,0
CHIRPS-v2.0-p05-merged,observed,sadc,pr,seas,R10mm,clim,1991,2020,0.2,0
CHIRPS-v2.0-p05-merged,observed,sadc,pr,seas,R20mm,clim,1991,2020,0.2,0
CHIRPS-v2.0-p05-merged,observed,sadc,pr,seas,SDII,clim,1991,2020,0.2,0
CHIRPS-v2.0-p05-merged,observed,sadc,pr,seas,CDD,clim,1991,2020,0.2,0
CHIRPS-v2.0-p05-merged,observed,sadc,pr,seas,CWD,clim,1991,2020,0.2,0
#ERA5,reanalysis,sadc,tasmax,seas,TXx,clim,1991,2020,0,1
#ERA5,reanalysis,sadc,tasmin,seas,TNn,clim,1991,2020,0,1


#CHIRPS-v2.0-p05-merged,observed,sadc,pr,mon,Rx1day,clim,1991,2020,0.2,0
#CHIRPS-v2.0-p05-merged,observed,sadc,pr,mon,Rx5day,clim,1991,2020,0.2,0
#CHIRPS-v2.0-p05-merged,observed,sadc,pr,mon,R1mm,clim,1991,2020,0.2,0
#CHIRPS-v2.0-p05-merged,observed,sadc,pr,mon,R10mm,clim,1991,2020,0.2,0
#CHIRPS-v2.0-p05-merged,observed,sadc,pr,mon,R20mm,clim,1991,2020,0.2,0
#CHIRPS-v2.0-p05-merged,observed,sadc,pr,mon,SDII,clim,1991,2020,0.2,0
#CHIRPS-v2.0-p05-merged,observed,sadc,pr,mon,CDD,clim,1991,2020,0.2,0
#CHIRPS-v2.0-p05-merged,observed,sadc,pr,mon,CWD,clim,1991,2020,0.2,0
#ERA5,reanalysis,sadc,tasmax,mon,TXx,clim,1991,2020,0,0
#ERA5,reanalysis,sadc,tasmin,mon,TNn,clim,1991,2020,0,0


