##########################################################################
# list of indices to be plotted using plot.sh
# 
# P.Wolski wolski@csag.uct.ac.za
#
# July 2024
#
##########################################################################
#
# each line have to have entries in the following sequence: dataset,datatype,domain,basetime,index,indextype,climfirstyear,climlastyear,overwrite
# there must be no spaces
# lines commented with # and empty lines will be ignored
#
# allowed terms: 
# dataset: ARC2 TAMSAT-v3.1 CHIRPS-v2.0-p05-merged ERA5
# datatype: observed or reanalysis, depending on the dataset
# domain: sadc sey com mau
# basetime: mon seas year pent dek
# index: PRCPTOT Rx1day Rx5day etc
# indextype: clim 
# climfirstyear and climlastyear are what the are. currently 1991 2020 is used as per WMO recommendations
# ovwerwrite: 0,1
#

#these are "essential" variables and thus climatology is calculated across all basetimes
#CHIRPS-v2.0-p05-merged,observed,sadc,seas,PRCPTOT,clim,1991,2020,0
#CHIRPS-v2.0-p05-merged,observed,sadc,mon,PRCPTOT,clim,1991,2020,0
#CHIRPS-v2.0-p05-merged,observed,sadc,dek,PRCPTOT,clim,1991,2020,0
#CHIRPS-v2.0-p05-merged,observed,sadc,pent,PRCPTOT,clim,1991,2020,0
#ERA5,reanalysis,sadc,seas,TX,clim,1991,2020,0
#ERA5,reanalysis,sadc,mon,TX,clim,1991,2020,0
#ERA5,reanalysis,sadc,dek,TX,clim,1991,2020,0
#ERA5,reanalysis,sadc,pent,TX,clim,1991,2020,0
#ERA5,reanalysis,sadc,seas,TN,clim,1991,2020,0
#ERA5,reanalysis,sadc,mon,TN,clim,1991,2020,0
#ERA5,reanalysis,sadc,dek,TN,clim,1991,2020,0
#ERA5,reanalysis,sadc,pent,TN,clim,1991,2020,0

#these are all other variables, with climatology calculated only on seasonal and monthly basis
#monthly
#CHIRPS-v2.0-p05-merged,observed,sadc,mon,Rx1day,clim,1991,2020,0
#CHIRPS-v2.0-p05-merged,observed,sadc,mon,Rx5day,clim,1991,2020,0
#CHIRPS-v2.0-p05-merged,observed,sadc,mon,R1mm,clim,1991,2020,0
CHIRPS-v2.0-p05-merged,observed,sadc,mon,R10mm,clim,1991,2020,0
#CHIRPS-v2.0-p05-merged,observed,sadc,mon,R20mm,clim,1991,2020,0
CHIRPS-v2.0-p05-merged,observed,sadc,mon,SDII,clim,1991,2020,0
CHIRPS-v2.0-p05-merged,observed,sadc,mon,CDD,clim,1991,2020,0
CHIRPS-v2.0-p05-merged,observed,sadc,mon,CWD,clim,1991,2020,0
#ERA5,reanalysis,sadc,mon,TXx,clim,1991,2020,0
#ERA5,reanalysis,sadc,mon,TNn,clim,1991,2020,0
#seasonal
#CHIRPS-v2.0-p05-merged,observed,sadc,seas,Rx1day,clim,1991,2020,0
#CHIRPS-v2.0-p05-merged,observed,sadc,seas,Rx5day,clim,1991,2020,0
#CHIRPS-v2.0-p05-merged,observed,sadc,seas,R20mm,clim,1991,2020,0
#CHIRPS-v2.0-p05-merged,observed,sadc,seas,R1mm,clim,1991,2020,0
#CHIRPS-v2.0-p05-merged,observed,sadc,seas,R10mm,clim,1991,2020,0
#CHIRPS-v2.0-p05-merged,observed,sadc,seas,SDII,clim,1991,2020,0
#CHIRPS-v2.0-p05-merged,observed,sadc,seas,CDD,clim,1991,2020,0
#CHIRPS-v2.0-p05-merged,observed,sadc,seas,CWD,clim,1991,2020,0
#ERA5,reanalysis,sadc,seas,TXx,clim,1991,2020,0
#ERA5,reanalysis,sadc,seas,TNn,clim,1991,2020,0
