##########################################################################
# list of indices to be plotted using plot.sh
# this file is intended to be used in the operational mode, i.e. these data
# will be processed on regular basis
# 
# P.Wolski wolski@csag.uct.ac.za
#
# July 2024
#
##########################################################################
#
# each line have to have entries in the following sequence: dataset,datatype,domain,basetime,index,indextype,climfirstyear,climlastyear,overwrite
# there must be no spaces
# lines commented with # and empty lines will ored
#
# allowed terms: 
# dataset: ARC2 TAMSAT-v3.1 CHIRPS-v2.0-p05-merged ERA5
# datatype: observed or reanalysis, depending on the dataset
# domain: sadc sey com mau
# variable: name of the variable for which data are available at daily time scale, pr for rainfall, tasmin tasmax for temperature
# basetime: mon seas year pent dek
# index: PRCPTOT Rx1day Rx5day etc
# indextype: index,absanom,percanom - depending on the index that is to be plotted 
# climfirstyear and climlastyear are what the are. currently 1991 2020 is used as per WMO recommendations
# fraction_missing - what fraction of data series is allowed to be missing in order for the index to be calculated
# ovwerwrite: 0,1
#

CHIRPS-v2.0-p05-merged,observed,sadc,seas,CWD,index,1991,2020,0
CHIRPS-v2.0-p05-merged,observed,sadc,seas,CDD,index,1991,2020,0
CHIRPS-v2.0-p05-merged,observed,sadc,seas,R1mm,index,1991,2020,0
CHIRPS-v2.0-p05-merged,observed,sadc,seas,PRCPTOT,index,1991,2020,0
CHIRPS-v2.0-p05-merged,observed,sadc,seas,PRCPTOT,percnormanom,1991,2020,0
CHIRPS-v2.0-p05-merged,observed,sadc,seas,Rx1day,index,1991,2020,0
CHIRPS-v2.0-p05-merged,observed,sadc,seas,Rx5day,index,1991,2020,0
CHIRPS-v2.0-p05-merged,observed,sadc,seas,SDII,index,1991,2020,0
CHIRPS-v2.0-p05-merged,observed,sadc,seas,R10mm,index,1991,2020,0
CHIRPS-v2.0-p05-merged,observed,sadc,seas,R20mm,index,1991,2020,0

CHIRPS-v2.0-p05-merged,observed,sadc,mon,PRCPTOT,index,1991,2020,0
CHIRPS-v2.0-p05-merged,observed,sadc,mon,PRCPTOT,percnormanom,1991,2020,0
CHIRPS-v2.0-p05-merged,observed,sadc,mon,Rx1day,index,1991,2020,0
CHIRPS-v2.0-p05-merged,observed,sadc,mon,Rx5day,index,1991,2020,0
CHIRPS-v2.0-p05-merged,observed,sadc,mon,CDD,index,1991,2020,0
CHIRPS-v2.0-p05-merged,observed,sadc,mon,CWD,index,1991,2020,0
CHIRPS-v2.0-p05-merged,observed,sadc,mon,SDII,index,1991,2020,0
CHIRPS-v2.0-p05-merged,observed,sadc,mon,R1mm,index,1991,2020,0
CHIRPS-v2.0-p05-merged,observed,sadc,mon,R10mm,index,1991,2020,0
CHIRPS-v2.0-p05-merged,observed,sadc,mon,R20mm,index,1991,2020,0
CHIRPS-v2.0-p05-merged,observed,sadc,mon,spi1,index,1991,2020,0
CHIRPS-v2.0-p05-merged,observed,sadc,mon,spi3,index,1991,2020,0
CHIRPS-v2.0-p05-merged,observed,sadc,mon,spi6,index,1991,2020,0
CHIRPS-v2.0-p05-merged,observed,sadc,mon,spi12,index,1991,2020,0
CHIRPS-v2.0-p05-merged,observed,sadc,mon,spi36,index,1991,2020,0
CHIRPS-v2.0-p05-merged,observed,sadc,mon,seasaccum,index,1991,2020,0
CHIRPS-v2.0-p05-merged,observed,sadc,mon,onsetD,index,1991,2020,0
CHIRPS-v2.0-p05-merged,observed,sadc,mon,onsetD,absanom,1991,2020,0

CHIRPS-v2.0-p05-merged,observed,sadc,dek,PRCPTOT,index,1991,2020,0
CHIRPS-v2.0-p05-merged,observed,sadc,dek,PRCPTOT,percnormanom,1991,2020,0
CHIRPS-v2.0-p05-merged,observed,sadc,dek,Rx1day,index,1991,2020,0
CHIRPS-v2.0-p05-merged,observed,sadc,dek,Rx5day,index,1991,2020,0
CHIRPS-v2.0-p05-merged,observed,sadc,dek,CDD,index,1991,2020,0
CHIRPS-v2.0-p05-merged,observed,sadc,dek,CWD,index,1991,2020,0
CHIRPS-v2.0-p05-merged,observed,sadc,dek,SDII,index,1991,2020,0
CHIRPS-v2.0-p05-merged,observed,sadc,dek,R1mm,index,1991,2020,0
CHIRPS-v2.0-p05-merged,observed,sadc,dek,R10mm,index,1991,2020,0
CHIRPS-v2.0-p05-merged,observed,sadc,dek,R20mm,index,1991,2020,0
CHIRPS-v2.0-p05-merged,observed,sadc,dek,onsetD,index,1991,2020,0
CHIRPS-v2.0-p05-merged,observed,sadc,dek,seasaccum,index,1991,2020,0

CHIRPS-v2.0-p05-merged,observed,sadc,pent,PRCPTOT,index,1991,2020,0
CHIRPS-v2.0-p05-merged,observed,sadc,pent,PRCPTOT,percnormanom,1991,2020,0
CHIRPS-v2.0-p05-merged,observed,sadc,pent,PRCPTOT,quantanom,1991,2020,0
CHIRPS-v2.0-p05-merged,observed,sadc,pent,Rx1day,index,1991,2020,0
CHIRPS-v2.0-p05-merged,observed,sadc,pent,CDD,index,1991,2020,0
CHIRPS-v2.0-p05-merged,observed,sadc,pent,CWD,index,1991,2020,0
CHIRPS-v2.0-p05-merged,observed,sadc,pent,SDII,index,1991,2020,0
CHIRPS-v2.0-p05-merged,observed,sadc,pent,R1mm,index,1991,2020,0
CHIRPS-v2.0-p05-merged,observed,sadc,pent,R10mm,index,1991,2020,0
CHIRPS-v2.0-p05-merged,observed,sadc,pent,R20mm,index,1991,2020,0
CHIRPS-v2.0-p05-merged,observed,sadc,pent,onsetD,index,1991,2020,0
CHIRPS-v2.0-p05-merged,observed,sadc,pent,onsetD,absanom,1991,2020,0
CHIRPS-v2.0-p05-merged,observed,sadc,pent,seasaccum,index,1991,2020,0

ERA5,reanalysis,sadc,seas,TN,index,1991,2020,0
ERA5,reanalysis,sadc,seas,TN,absanom,1991,2020,0
ERA5,reanalysis,sadc,seas,TNn,index,1991,2020,0
ERA5,reanalysis,sadc,seas,TX,index,1991,2020,0
ERA5,reanalysis,sadc,seas,TX,absanom,1991,2020,0
ERA5,reanalysis,sadc,seas,TXx,index,1991,2020,0
ERA5,reanalysis,sadc,seas,hwTN95,index,1991,2020,0
ERA5,reanalysis,sadc,seas,hwTX95,index,1991,2020,0


ERA5,reanalysis,sadc,mon,TN,index,1991,2020,0
ERA5,reanalysis,sadc,mon,TN,absanom,1991,2020,0
ERA5,reanalysis,sadc,mon,TNn,index,1991,2020,0
ERA5,reanalysis,sadc,mon,TX,index,1991,2020,0
ERA5,reanalysis,sadc,mon,TX,absanom,1991,2020,0
ERA5,reanalysis,sadc,mon,TXx,index,1991,2020,0
ERA5,reanalysis,sadc,mon,hwTN95,index,1991,2020,0
ERA5,reanalysis,sadc,mon,hwTX95,index,1991,2020,0

ERA5,reanalysis,sadc,dek,TN,index,1991,2020,0
ERA5,reanalysis,sadc,dek,TN,absanom,1991,2020,0
ERA5,reanalysis,sadc,dek,TNn,index,1991,2020,0
ERA5,reanalysis,sadc,dek,TX,index,1991,2020,0
ERA5,reanalysis,sadc,dek,TX,absanom,1991,2020,0
ERA5,reanalysis,sadc,dek,TXx,index,1991,2020,0
ERA5,reanalysis,sadc,dek,hwTN95,index,1991,2020,0
ERA5,reanalysis,sadc,dek,hwTX95,index,1991,2020,0

ERA5,reanalysis,sadc,pent,TN,index,1991,2020,0
ERA5,reanalysis,sadc,pent,TN,absanom,1991,2020,0
ERA5,reanalysis,sadc,pent,TNn,index,1991,2020,0
ERA5,reanalysis,sadc,pent,TX,index,1991,2020,0
ERA5,reanalysis,sadc,pent,TX,absanom,1991,2020,0
ERA5,reanalysis,sadc,pent,TXx,index,1991,2020,0
ERA5,reanalysis,sadc,pent,hwTN95,index,1991,2020,0
ERA5,reanalysis,sadc,pent,hwTX95,index,1991,2020,0

