2023-12-09 09:50:01: ***********************************************************************************************************************
2023-12-09 09:50:01: reading /home/station/csis/calc_seasaccum.lst
2023-12-09 09:50:01: read 3 entries
2023-12-09 09:50:01: startdate: 20231109
2023-12-09 09:50:01: enddate: 20231209
2023-12-09 09:50:01: dataset CHIRPS-v2.0-p05-merged
2023-12-09 09:50:01: datatype observed
2023-12-09 09:50:01: domain sadc
2023-12-09 09:50:01: var pr
2023-12-09 09:50:01: basetime mon
2023-12-09 09:50:01: index seasaccum
2023-12-09 09:50:01: attribute index
2023-12-09 09:50:01: 1991
2023-12-09 09:50:01: 2020
2023-12-09 09:50:01: fracmissing 0
2023-12-09 09:50:01: overwrite 0
2023-12-09 09:50:01: 
2023-12-09 09:50:01: start date: 20231109
2023-12-09 09:50:01: end date: 20231209
2023-12-09 09:50:01: 
2023-12-09 09:50:01: 
2023-12-09 09:50:01: ************************************************************
2023-12-09 09:50:01: current date: 20231109
2023-12-09 09:50:01: 
2023-12-09 09:50:01: *********************************
2023-12-09 09:50:01: calling calc_seasaccum.py with CHIRPS-v2.0-p05-merged sadc pr 20231109 mon seasaccum index 1991 2020 0 0
2023-12-09 09:50:01: python /home/station/csis/calc_seasaccum.py /storageserver/RCC//data/observed/CHIRPS-v2.0-p05-merged/day/sadc/pr /storageserver/RCC//data/observed/CHIRPS-v2.0-p05-merged/mon/sadc/seasaccum CHIRPS-v2.0-p05-merged sadc pr 20231109 mon seasaccum index 1991 2020 0 0
2023-12-09 09:50:01: /storageserver/RCC//data/observed/CHIRPS-v2.0-p05-merged/mon/sadc/seasaccum/seasaccum_mon_CHIRPS-v2.0-p05-merged_sadc_202311.nc exists, and overwrite is off. skipping...
2023-12-09 09:50:01: 
2023-12-09 09:50:01: 
2023-12-09 09:50:01: ************************************************************
2023-12-09 09:50:01: current date: 20231209
2023-12-09 09:50:01: 
2023-12-09 09:50:01: *********************************
2023-12-09 09:50:01: calling calc_seasaccum.py with CHIRPS-v2.0-p05-merged sadc pr 20231209 mon seasaccum index 1991 2020 0 0
2023-12-09 09:50:01: python /home/station/csis/calc_seasaccum.py /storageserver/RCC//data/observed/CHIRPS-v2.0-p05-merged/day/sadc/pr /storageserver/RCC//data/observed/CHIRPS-v2.0-p05-merged/mon/sadc/seasaccum CHIRPS-v2.0-p05-merged sadc pr 20231209 mon seasaccum index 1991 2020 0 0
2023-12-09 09:50:01: outputfile does not exist. processing...
2023-12-09 09:50:01: date range: 2022-01-01 00:00:00 2023-12-31 00:00:00
2023-12-09 09:50:01: found 704 files in /storageserver/RCC//data/observed/CHIRPS-v2.0-p05-merged/day/sadc/pr/pr_*_20231231*.nc
2023-12-09 09:50:01: too few. need 730. exiting...
2023-12-09 09:50:01: dataset CHIRPS-v2.0-p05-merged
2023-12-09 09:50:01: datatype observed
2023-12-09 09:50:01: domain sadc
2023-12-09 09:50:01: var pr
2023-12-09 09:50:01: basetime dek
2023-12-09 09:50:01: index seasaccum
2023-12-09 09:50:01: attribute index
2023-12-09 09:50:01: 1991
2023-12-09 09:50:01: 2020
2023-12-09 09:50:01: fracmissing 0
2023-12-09 09:50:01: overwrite 0
2023-12-09 09:50:01: 
2023-12-09 09:50:01: start date: 20231109
2023-12-09 09:50:01: end date: 20231209
2023-12-09 09:50:01: 
2023-12-09 09:50:01: 
2023-12-09 09:50:01: ************************************************************
2023-12-09 09:50:01: current date: 20231109
2023-12-09 09:50:01: 
2023-12-09 09:50:01: *********************************
2023-12-09 09:50:01: calling calc_seasaccum.py with CHIRPS-v2.0-p05-merged sadc pr 20231109 dek seasaccum index 1991 2020 0 0
2023-12-09 09:50:01: python /home/station/csis/calc_seasaccum.py /storageserver/RCC//data/observed/CHIRPS-v2.0-p05-merged/day/sadc/pr /storageserver/RCC//data/observed/CHIRPS-v2.0-p05-merged/dek/sadc/seasaccum CHIRPS-v2.0-p05-merged sadc pr 20231109 dek seasaccum index 1991 2020 0 0
2023-12-09 09:50:01: /storageserver/RCC//data/observed/CHIRPS-v2.0-p05-merged/dek/sadc/seasaccum/seasaccum_dek_CHIRPS-v2.0-p05-merged_sadc_20231101.nc exists, and overwrite is off. skipping...
2023-12-09 09:50:01: /storageserver/RCC//data/observed/CHIRPS-v2.0-p05-merged/dek/sadc/seasaccum/seasaccum_dek_CHIRPS-v2.0-p05-merged_sadc_20231111.nc exists, and overwrite is off. skipping...
2023-12-09 09:50:01: /storageserver/RCC//data/observed/CHIRPS-v2.0-p05-merged/dek/sadc/seasaccum/seasaccum_dek_CHIRPS-v2.0-p05-merged_sadc_20231121.nc exists, and overwrite is off. skipping...
2023-12-09 09:50:01: 
2023-12-09 09:50:01: 
2023-12-09 09:50:01: ************************************************************
2023-12-09 09:50:01: current date: 20231209
2023-12-09 09:50:01: 
2023-12-09 09:50:01: *********************************
2023-12-09 09:50:01: calling calc_seasaccum.py with CHIRPS-v2.0-p05-merged sadc pr 20231209 dek seasaccum index 1991 2020 0 0
2023-12-09 09:50:01: python /home/station/csis/calc_seasaccum.py /storageserver/RCC//data/observed/CHIRPS-v2.0-p05-merged/day/sadc/pr /storageserver/RCC//data/observed/CHIRPS-v2.0-p05-merged/dek/sadc/seasaccum CHIRPS-v2.0-p05-merged sadc pr 20231209 dek seasaccum index 1991 2020 0 0
2023-12-09 09:50:01: outputfile does not exist. processing...
2023-12-09 09:50:01: found 704 files in /storageserver/RCC//data/observed/CHIRPS-v2.0-p05-merged/day/sadc/pr/pr_*_20231210*.nc
2023-12-09 09:50:01: too few. need 709. exiting...
2023-12-09 09:50:01: outputfile does not exist. processing...
2023-12-09 09:50:01: found 704 files in /storageserver/RCC//data/observed/CHIRPS-v2.0-p05-merged/day/sadc/pr/pr_*_20231220*.nc
2023-12-09 09:50:01: too few. need 719. exiting...
2023-12-09 09:50:01: outputfile does not exist. processing...
2023-12-09 09:50:01: found 704 files in /storageserver/RCC//data/observed/CHIRPS-v2.0-p05-merged/day/sadc/pr/pr_*_20231231*.nc
2023-12-09 09:50:01: too few. need 730. exiting...
2023-12-09 09:50:01: dataset CHIRPS-v2.0-p05-merged
2023-12-09 09:50:01: datatype observed
2023-12-09 09:50:01: domain sadc
2023-12-09 09:50:01: var pr
2023-12-09 09:50:01: basetime pent
2023-12-09 09:50:01: index seasaccum
2023-12-09 09:50:01: attribute index
2023-12-09 09:50:01: 1991
2023-12-09 09:50:01: 2020
2023-12-09 09:50:01: fracmissing 0
2023-12-09 09:50:01: overwrite 0
2023-12-09 09:50:01: 
2023-12-09 09:50:01: start date: 20231109
2023-12-09 09:50:01: end date: 20231209
2023-12-09 09:50:01: 
2023-12-09 09:50:01: 
2023-12-09 09:50:01: ************************************************************
2023-12-09 09:50:01: current date: 20231109
2023-12-09 09:50:01: 
2023-12-09 09:50:01: *********************************
2023-12-09 09:50:01: calling calc_seasaccum.py with CHIRPS-v2.0-p05-merged sadc pr 20231109 pent seasaccum index 1991 2020 0 0
2023-12-09 09:50:01: python /home/station/csis/calc_seasaccum.py /storageserver/RCC//data/observed/CHIRPS-v2.0-p05-merged/day/sadc/pr /storageserver/RCC//data/observed/CHIRPS-v2.0-p05-merged/pent/sadc/seasaccum CHIRPS-v2.0-p05-merged sadc pr 20231109 pent seasaccum index 1991 2020 0 0
2023-12-09 09:50:01: /storageserver/RCC//data/observed/CHIRPS-v2.0-p05-merged/pent/sadc/seasaccum/seasaccum_pent_CHIRPS-v2.0-p05-merged_sadc_20231101.nc exists, and overwrite is off. skipping...
2023-12-09 09:50:01: /storageserver/RCC//data/observed/CHIRPS-v2.0-p05-merged/pent/sadc/seasaccum/seasaccum_pent_CHIRPS-v2.0-p05-merged_sadc_20231106.nc exists, and overwrite is off. skipping...
2023-12-09 09:50:01: /storageserver/RCC//data/observed/CHIRPS-v2.0-p05-merged/pent/sadc/seasaccum/seasaccum_pent_CHIRPS-v2.0-p05-merged_sadc_20231111.nc exists, and overwrite is off. skipping...
2023-12-09 09:50:01: /storageserver/RCC//data/observed/CHIRPS-v2.0-p05-merged/pent/sadc/seasaccum/seasaccum_pent_CHIRPS-v2.0-p05-merged_sadc_20231116.nc exists, and overwrite is off. skipping...
2023-12-09 09:50:01: /storageserver/RCC//data/observed/CHIRPS-v2.0-p05-merged/pent/sadc/seasaccum/seasaccum_pent_CHIRPS-v2.0-p05-merged_sadc_20231121.nc exists, and overwrite is off. skipping...
2023-12-09 09:50:01: /storageserver/RCC//data/observed/CHIRPS-v2.0-p05-merged/pent/sadc/seasaccum/seasaccum_pent_CHIRPS-v2.0-p05-merged_sadc_20231126.nc exists, and overwrite is off. skipping...
2023-12-09 09:50:01: 
2023-12-09 09:50:01: 
2023-12-09 09:50:01: ************************************************************
2023-12-09 09:50:01: current date: 20231209
2023-12-09 09:50:01: 
2023-12-09 09:50:01: *********************************
2023-12-09 09:50:01: calling calc_seasaccum.py with CHIRPS-v2.0-p05-merged sadc pr 20231209 pent seasaccum index 1991 2020 0 0
2023-12-09 09:50:01: python /home/station/csis/calc_seasaccum.py /storageserver/RCC//data/observed/CHIRPS-v2.0-p05-merged/day/sadc/pr /storageserver/RCC//data/observed/CHIRPS-v2.0-p05-merged/pent/sadc/seasaccum CHIRPS-v2.0-p05-merged sadc pr 20231209 pent seasaccum index 1991 2020 0 0
2023-12-09 09:50:01: /storageserver/RCC//data/observed/CHIRPS-v2.0-p05-merged/pent/sadc/seasaccum/seasaccum_pent_CHIRPS-v2.0-p05-merged_sadc_20231201.nc exists, and overwrite is off. skipping...
2023-12-09 09:50:01: outputfile does not exist. processing...
2023-12-09 09:50:01: found 704 files in /storageserver/RCC//data/observed/CHIRPS-v2.0-p05-merged/day/sadc/pr/pr_*_20231210*.nc
2023-12-09 09:50:01: too few. need 709. exiting...
2023-12-09 09:50:01: outputfile does not exist. processing...
2023-12-09 09:50:01: found 704 files in /storageserver/RCC//data/observed/CHIRPS-v2.0-p05-merged/day/sadc/pr/pr_*_20231215*.nc
2023-12-09 09:50:01: too few. need 714. exiting...
2023-12-09 09:50:01: outputfile does not exist. processing...
2023-12-09 09:50:01: found 704 files in /storageserver/RCC//data/observed/CHIRPS-v2.0-p05-merged/day/sadc/pr/pr_*_20231220*.nc
2023-12-09 09:50:01: too few. need 719. exiting...
2023-12-09 09:50:01: outputfile does not exist. processing...
2023-12-09 09:50:01: found 704 files in /storageserver/RCC//data/observed/CHIRPS-v2.0-p05-merged/day/sadc/pr/pr_*_20231225*.nc
2023-12-09 09:50:01: too few. need 724. exiting...
2023-12-09 09:50:01: outputfile does not exist. processing...
2023-12-09 09:50:01: found 704 files in /storageserver/RCC//data/observed/CHIRPS-v2.0-p05-merged/day/sadc/pr/pr_*_20231231*.nc
2023-12-09 09:50:01: too few. need 730. exiting...
2023-12-10 09:50:01: ***********************************************************************************************************************
2023-12-10 09:50:01: reading /home/station/csis/calc_seasaccum.lst
2023-12-10 09:50:01: read 3 entries
2023-12-10 09:50:01: startdate: 20231110
2023-12-10 09:50:01: enddate: 20231210
2023-12-10 09:50:01: dataset CHIRPS-v2.0-p05-merged
2023-12-10 09:50:01: datatype observed
2023-12-10 09:50:01: domain sadc
2023-12-10 09:50:01: var pr
2023-12-10 09:50:01: basetime mon
2023-12-10 09:50:01: index seasaccum
2023-12-10 09:50:01: attribute index
2023-12-10 09:50:01: 1991
2023-12-10 09:50:01: 2020
2023-12-10 09:50:01: fracmissing 0
2023-12-10 09:50:01: overwrite 0
2023-12-10 09:50:01: 
2023-12-10 09:50:01: start date: 20231110
2023-12-10 09:50:01: end date: 20231210
2023-12-10 09:50:01: 
2023-12-10 09:50:01: 
2023-12-10 09:50:01: ************************************************************
2023-12-10 09:50:01: current date: 20231110
2023-12-10 09:50:01: 
2023-12-10 09:50:01: *********************************
2023-12-10 09:50:01: calling calc_seasaccum.py with CHIRPS-v2.0-p05-merged sadc pr 20231110 mon seasaccum index 1991 2020 0 0
2023-12-10 09:50:01: python /home/station/csis/calc_seasaccum.py /storageserver/RCC//data/observed/CHIRPS-v2.0-p05-merged/day/sadc/pr /storageserver/RCC//data/observed/CHIRPS-v2.0-p05-merged/mon/sadc/seasaccum CHIRPS-v2.0-p05-merged sadc pr 20231110 mon seasaccum index 1991 2020 0 0
2023-12-10 09:50:01: /storageserver/RCC//data/observed/CHIRPS-v2.0-p05-merged/mon/sadc/seasaccum/seasaccum_mon_CHIRPS-v2.0-p05-merged_sadc_202311.nc exists, and overwrite is off. skipping...
2023-12-10 09:50:01: 
2023-12-10 09:50:01: 
2023-12-10 09:50:01: ************************************************************
2023-12-10 09:50:01: current date: 20231210
2023-12-10 09:50:01: 
2023-12-10 09:50:01: *********************************
2023-12-10 09:50:01: calling calc_seasaccum.py with CHIRPS-v2.0-p05-merged sadc pr 20231210 mon seasaccum index 1991 2020 0 0
2023-12-10 09:50:01: python /home/station/csis/calc_seasaccum.py /storageserver/RCC//data/observed/CHIRPS-v2.0-p05-merged/day/sadc/pr /storageserver/RCC//data/observed/CHIRPS-v2.0-p05-merged/mon/sadc/seasaccum CHIRPS-v2.0-p05-merged sadc pr 20231210 mon seasaccum index 1991 2020 0 0
2023-12-10 09:50:01: outputfile does not exist. processing...
2023-12-10 09:50:01: date range: 2022-01-01 00:00:00 2023-12-31 00:00:00
2023-12-10 09:50:01: found 704 files in /storageserver/RCC//data/observed/CHIRPS-v2.0-p05-merged/day/sadc/pr/pr_*_20231231*.nc
2023-12-10 09:50:01: too few. need 730. exiting...
2023-12-10 09:50:01: dataset CHIRPS-v2.0-p05-merged
2023-12-10 09:50:01: datatype observed
2023-12-10 09:50:01: domain sadc
2023-12-10 09:50:01: var pr
2023-12-10 09:50:01: basetime dek
2023-12-10 09:50:01: index seasaccum
2023-12-10 09:50:01: attribute index
2023-12-10 09:50:01: 1991
2023-12-10 09:50:01: 2020
2023-12-10 09:50:01: fracmissing 0
2023-12-10 09:50:01: overwrite 0
2023-12-10 09:50:01: 
2023-12-10 09:50:01: start date: 20231110
2023-12-10 09:50:01: end date: 20231210
2023-12-10 09:50:01: 
2023-12-10 09:50:01: 
2023-12-10 09:50:01: ************************************************************
2023-12-10 09:50:01: current date: 20231110
2023-12-10 09:50:01: 
2023-12-10 09:50:01: *********************************
2023-12-10 09:50:01: calling calc_seasaccum.py with CHIRPS-v2.0-p05-merged sadc pr 20231110 dek seasaccum index 1991 2020 0 0
2023-12-10 09:50:01: python /home/station/csis/calc_seasaccum.py /storageserver/RCC//data/observed/CHIRPS-v2.0-p05-merged/day/sadc/pr /storageserver/RCC//data/observed/CHIRPS-v2.0-p05-merged/dek/sadc/seasaccum CHIRPS-v2.0-p05-merged sadc pr 20231110 dek seasaccum index 1991 2020 0 0
2023-12-10 09:50:01: /storageserver/RCC//data/observed/CHIRPS-v2.0-p05-merged/dek/sadc/seasaccum/seasaccum_dek_CHIRPS-v2.0-p05-merged_sadc_20231101.nc exists, and overwrite is off. skipping...
2023-12-10 09:50:01: /storageserver/RCC//data/observed/CHIRPS-v2.0-p05-merged/dek/sadc/seasaccum/seasaccum_dek_CHIRPS-v2.0-p05-merged_sadc_20231111.nc exists, and overwrite is off. skipping...
2023-12-10 09:50:01: /storageserver/RCC//data/observed/CHIRPS-v2.0-p05-merged/dek/sadc/seasaccum/seasaccum_dek_CHIRPS-v2.0-p05-merged_sadc_20231121.nc exists, and overwrite is off. skipping...
2023-12-10 09:50:01: 
2023-12-10 09:50:01: 
2023-12-10 09:50:01: ************************************************************
2023-12-10 09:50:01: current date: 20231210
2023-12-10 09:50:01: 
2023-12-10 09:50:01: *********************************
2023-12-10 09:50:01: calling calc_seasaccum.py with CHIRPS-v2.0-p05-merged sadc pr 20231210 dek seasaccum index 1991 2020 0 0
2023-12-10 09:50:01: python /home/station/csis/calc_seasaccum.py /storageserver/RCC//data/observed/CHIRPS-v2.0-p05-merged/day/sadc/pr /storageserver/RCC//data/observed/CHIRPS-v2.0-p05-merged/dek/sadc/seasaccum CHIRPS-v2.0-p05-merged sadc pr 20231210 dek seasaccum index 1991 2020 0 0
2023-12-10 09:50:01: outputfile does not exist. processing...
2023-12-10 09:50:01: found 704 files in /storageserver/RCC//data/observed/CHIRPS-v2.0-p05-merged/day/sadc/pr/pr_*_20231210*.nc
2023-12-10 09:50:01: too few. need 709. exiting...
2023-12-10 09:50:01: outputfile does not exist. processing...
2023-12-10 09:50:01: found 704 files in /storageserver/RCC//data/observed/CHIRPS-v2.0-p05-merged/day/sadc/pr/pr_*_20231220*.nc
2023-12-10 09:50:01: too few. need 719. exiting...
2023-12-10 09:50:01: outputfile does not exist. processing...
2023-12-10 09:50:01: found 704 files in /storageserver/RCC//data/observed/CHIRPS-v2.0-p05-merged/day/sadc/pr/pr_*_20231231*.nc
2023-12-10 09:50:01: too few. need 730. exiting...
2023-12-10 09:50:01: dataset CHIRPS-v2.0-p05-merged
2023-12-10 09:50:01: datatype observed
2023-12-10 09:50:01: domain sadc
2023-12-10 09:50:01: var pr
2023-12-10 09:50:01: basetime pent
2023-12-10 09:50:01: index seasaccum
2023-12-10 09:50:01: attribute index
2023-12-10 09:50:01: 1991
2023-12-10 09:50:01: 2020
2023-12-10 09:50:01: fracmissing 0
2023-12-10 09:50:01: overwrite 0
2023-12-10 09:50:01: 
2023-12-10 09:50:01: start date: 20231110
2023-12-10 09:50:01: end date: 20231210
2023-12-10 09:50:01: 
2023-12-10 09:50:01: 
2023-12-10 09:50:01: ************************************************************
2023-12-10 09:50:01: current date: 20231110
2023-12-10 09:50:01: 
2023-12-10 09:50:01: *********************************
2023-12-10 09:50:01: calling calc_seasaccum.py with CHIRPS-v2.0-p05-merged sadc pr 20231110 pent seasaccum index 1991 2020 0 0
2023-12-10 09:50:01: python /home/station/csis/calc_seasaccum.py /storageserver/RCC//data/observed/CHIRPS-v2.0-p05-merged/day/sadc/pr /storageserver/RCC//data/observed/CHIRPS-v2.0-p05-merged/pent/sadc/seasaccum CHIRPS-v2.0-p05-merged sadc pr 20231110 pent seasaccum index 1991 2020 0 0
2023-12-10 09:50:01: /storageserver/RCC//data/observed/CHIRPS-v2.0-p05-merged/pent/sadc/seasaccum/seasaccum_pent_CHIRPS-v2.0-p05-merged_sadc_20231101.nc exists, and overwrite is off. skipping...
2023-12-10 09:50:01: /storageserver/RCC//data/observed/CHIRPS-v2.0-p05-merged/pent/sadc/seasaccum/seasaccum_pent_CHIRPS-v2.0-p05-merged_sadc_20231106.nc exists, and overwrite is off. skipping...
2023-12-10 09:50:01: /storageserver/RCC//data/observed/CHIRPS-v2.0-p05-merged/pent/sadc/seasaccum/seasaccum_pent_CHIRPS-v2.0-p05-merged_sadc_20231111.nc exists, and overwrite is off. skipping...
2023-12-10 09:50:01: /storageserver/RCC//data/observed/CHIRPS-v2.0-p05-merged/pent/sadc/seasaccum/seasaccum_pent_CHIRPS-v2.0-p05-merged_sadc_20231116.nc exists, and overwrite is off. skipping...
2023-12-10 09:50:01: /storageserver/RCC//data/observed/CHIRPS-v2.0-p05-merged/pent/sadc/seasaccum/seasaccum_pent_CHIRPS-v2.0-p05-merged_sadc_20231121.nc exists, and overwrite is off. skipping...
2023-12-10 09:50:01: /storageserver/RCC//data/observed/CHIRPS-v2.0-p05-merged/pent/sadc/seasaccum/seasaccum_pent_CHIRPS-v2.0-p05-merged_sadc_20231126.nc exists, and overwrite is off. skipping...
2023-12-10 09:50:01: 
2023-12-10 09:50:01: 
2023-12-10 09:50:01: ************************************************************
2023-12-10 09:50:01: current date: 20231210
2023-12-10 09:50:01: 
2023-12-10 09:50:01: *********************************
2023-12-10 09:50:01: calling calc_seasaccum.py with CHIRPS-v2.0-p05-merged sadc pr 20231210 pent seasaccum index 1991 2020 0 0
2023-12-10 09:50:01: python /home/station/csis/calc_seasaccum.py /storageserver/RCC//data/observed/CHIRPS-v2.0-p05-merged/day/sadc/pr /storageserver/RCC//data/observed/CHIRPS-v2.0-p05-merged/pent/sadc/seasaccum CHIRPS-v2.0-p05-merged sadc pr 20231210 pent seasaccum index 1991 2020 0 0
2023-12-10 09:50:01: /storageserver/RCC//data/observed/CHIRPS-v2.0-p05-merged/pent/sadc/seasaccum/seasaccum_pent_CHIRPS-v2.0-p05-merged_sadc_20231201.nc exists, and overwrite is off. skipping...
2023-12-10 09:50:01: outputfile does not exist. processing...
2023-12-10 09:50:01: found 704 files in /storageserver/RCC//data/observed/CHIRPS-v2.0-p05-merged/day/sadc/pr/pr_*_20231210*.nc
2023-12-10 09:50:01: too few. need 709. exiting...
2023-12-10 09:50:01: outputfile does not exist. processing...
2023-12-10 09:50:01: found 704 files in /storageserver/RCC//data/observed/CHIRPS-v2.0-p05-merged/day/sadc/pr/pr_*_20231215*.nc
2023-12-10 09:50:01: too few. need 714. exiting...
2023-12-10 09:50:01: outputfile does not exist. processing...
2023-12-10 09:50:01: found 704 files in /storageserver/RCC//data/observed/CHIRPS-v2.0-p05-merged/day/sadc/pr/pr_*_20231220*.nc
2023-12-10 09:50:01: too few. need 719. exiting...
2023-12-10 09:50:01: outputfile does not exist. processing...
2023-12-10 09:50:01: found 704 files in /storageserver/RCC//data/observed/CHIRPS-v2.0-p05-merged/day/sadc/pr/pr_*_20231225*.nc
2023-12-10 09:50:01: too few. need 724. exiting...
2023-12-10 09:50:01: outputfile does not exist. processing...
2023-12-10 09:50:01: found 704 files in /storageserver/RCC//data/observed/CHIRPS-v2.0-p05-merged/day/sadc/pr/pr_*_20231231*.nc
2023-12-10 09:50:01: too few. need 730. exiting...
2023-12-11 09:50:01: ***********************************************************************************************************************
2023-12-11 09:50:01: reading /home/station/csis/calc_seasaccum.lst
2023-12-11 09:50:01: read 3 entries
2023-12-11 09:50:01: startdate: 20231111
2023-12-11 09:50:01: enddate: 20231211
2023-12-11 09:50:01: dataset CHIRPS-v2.0-p05-merged
2023-12-11 09:50:01: datatype observed
2023-12-11 09:50:01: domain sadc
2023-12-11 09:50:01: var pr
2023-12-11 09:50:01: basetime mon
2023-12-11 09:50:01: index seasaccum
2023-12-11 09:50:01: attribute index
2023-12-11 09:50:01: 1991
2023-12-11 09:50:01: 2020
2023-12-11 09:50:01: fracmissing 0
2023-12-11 09:50:01: overwrite 0
2023-12-11 09:50:01: 
2023-12-11 09:50:01: start date: 20231111
2023-12-11 09:50:01: end date: 20231211
2023-12-11 09:50:01: 
2023-12-11 09:50:01: 
2023-12-11 09:50:01: ************************************************************
2023-12-11 09:50:01: current date: 20231111
2023-12-11 09:50:01: 
2023-12-11 09:50:01: *********************************
2023-12-11 09:50:01: calling calc_seasaccum.py with CHIRPS-v2.0-p05-merged sadc pr 20231111 mon seasaccum index 1991 2020 0 0
2023-12-11 09:50:01: python /home/station/csis/calc_seasaccum.py /storageserver/RCC//data/observed/CHIRPS-v2.0-p05-merged/day/sadc/pr /storageserver/RCC//data/observed/CHIRPS-v2.0-p05-merged/mon/sadc/seasaccum CHIRPS-v2.0-p05-merged sadc pr 20231111 mon seasaccum index 1991 2020 0 0
2023-12-11 09:50:01: /storageserver/RCC//data/observed/CHIRPS-v2.0-p05-merged/mon/sadc/seasaccum/seasaccum_mon_CHIRPS-v2.0-p05-merged_sadc_202311.nc exists, and overwrite is off. skipping...
2023-12-11 09:50:01: 
2023-12-11 09:50:01: 
2023-12-11 09:50:01: ************************************************************
2023-12-11 09:50:01: current date: 20231211
2023-12-11 09:50:01: 
2023-12-11 09:50:01: *********************************
2023-12-11 09:50:01: calling calc_seasaccum.py with CHIRPS-v2.0-p05-merged sadc pr 20231211 mon seasaccum index 1991 2020 0 0
2023-12-11 09:50:01: python /home/station/csis/calc_seasaccum.py /storageserver/RCC//data/observed/CHIRPS-v2.0-p05-merged/day/sadc/pr /storageserver/RCC//data/observed/CHIRPS-v2.0-p05-merged/mon/sadc/seasaccum CHIRPS-v2.0-p05-merged sadc pr 20231211 mon seasaccum index 1991 2020 0 0
2023-12-11 09:50:01: outputfile does not exist. processing...
2023-12-11 09:50:01: date range: 2022-01-01 00:00:00 2023-12-31 00:00:00
2023-12-11 09:50:01: found 704 files in /storageserver/RCC//data/observed/CHIRPS-v2.0-p05-merged/day/sadc/pr/pr_*_20231231*.nc
2023-12-11 09:50:01: too few. need 730. exiting...
2023-12-11 09:50:01: dataset CHIRPS-v2.0-p05-merged
2023-12-11 09:50:01: datatype observed
2023-12-11 09:50:01: domain sadc
2023-12-11 09:50:01: var pr
2023-12-11 09:50:01: basetime dek
2023-12-11 09:50:01: index seasaccum
2023-12-11 09:50:01: attribute index
2023-12-11 09:50:01: 1991
2023-12-11 09:50:01: 2020
2023-12-11 09:50:01: fracmissing 0
2023-12-11 09:50:01: overwrite 0
2023-12-11 09:50:01: 
2023-12-11 09:50:01: start date: 20231111
2023-12-11 09:50:01: end date: 20231211
2023-12-11 09:50:01: 
2023-12-11 09:50:01: 
2023-12-11 09:50:01: ************************************************************
2023-12-11 09:50:01: current date: 20231111
2023-12-11 09:50:01: 
2023-12-11 09:50:01: *********************************
2023-12-11 09:50:01: calling calc_seasaccum.py with CHIRPS-v2.0-p05-merged sadc pr 20231111 dek seasaccum index 1991 2020 0 0
2023-12-11 09:50:01: python /home/station/csis/calc_seasaccum.py /storageserver/RCC//data/observed/CHIRPS-v2.0-p05-merged/day/sadc/pr /storageserver/RCC//data/observed/CHIRPS-v2.0-p05-merged/dek/sadc/seasaccum CHIRPS-v2.0-p05-merged sadc pr 20231111 dek seasaccum index 1991 2020 0 0
2023-12-11 09:50:01: /storageserver/RCC//data/observed/CHIRPS-v2.0-p05-merged/dek/sadc/seasaccum/seasaccum_dek_CHIRPS-v2.0-p05-merged_sadc_20231101.nc exists, and overwrite is off. skipping...
2023-12-11 09:50:01: /storageserver/RCC//data/observed/CHIRPS-v2.0-p05-merged/dek/sadc/seasaccum/seasaccum_dek_CHIRPS-v2.0-p05-merged_sadc_20231111.nc exists, and overwrite is off. skipping...
2023-12-11 09:50:01: /storageserver/RCC//data/observed/CHIRPS-v2.0-p05-merged/dek/sadc/seasaccum/seasaccum_dek_CHIRPS-v2.0-p05-merged_sadc_20231121.nc exists, and overwrite is off. skipping...
2023-12-11 09:50:01: 
2023-12-11 09:50:01: 
2023-12-11 09:50:01: ************************************************************
2023-12-11 09:50:01: current date: 20231211
2023-12-11 09:50:01: 
2023-12-11 09:50:01: *********************************
2023-12-11 09:50:01: calling calc_seasaccum.py with CHIRPS-v2.0-p05-merged sadc pr 20231211 dek seasaccum index 1991 2020 0 0
2023-12-11 09:50:01: python /home/station/csis/calc_seasaccum.py /storageserver/RCC//data/observed/CHIRPS-v2.0-p05-merged/day/sadc/pr /storageserver/RCC//data/observed/CHIRPS-v2.0-p05-merged/dek/sadc/seasaccum CHIRPS-v2.0-p05-merged sadc pr 20231211 dek seasaccum index 1991 2020 0 0
2023-12-11 09:50:01: outputfile does not exist. processing...
2023-12-11 09:50:01: found 704 files in /storageserver/RCC//data/observed/CHIRPS-v2.0-p05-merged/day/sadc/pr/pr_*_20231210*.nc
2023-12-11 09:50:01: too few. need 709. exiting...
2023-12-11 09:50:01: outputfile does not exist. processing...
2023-12-11 09:50:01: found 704 files in /storageserver/RCC//data/observed/CHIRPS-v2.0-p05-merged/day/sadc/pr/pr_*_20231220*.nc
2023-12-11 09:50:01: too few. need 719. exiting...
2023-12-11 09:50:01: outputfile does not exist. processing...
2023-12-11 09:50:01: found 704 files in /storageserver/RCC//data/observed/CHIRPS-v2.0-p05-merged/day/sadc/pr/pr_*_20231231*.nc
2023-12-11 09:50:01: too few. need 730. exiting...
2023-12-11 09:50:01: dataset CHIRPS-v2.0-p05-merged
2023-12-11 09:50:01: datatype observed
2023-12-11 09:50:01: domain sadc
2023-12-11 09:50:01: var pr
2023-12-11 09:50:01: basetime pent
2023-12-11 09:50:01: index seasaccum
2023-12-11 09:50:01: attribute index
2023-12-11 09:50:01: 1991
2023-12-11 09:50:01: 2020
2023-12-11 09:50:01: fracmissing 0
2023-12-11 09:50:01: overwrite 0
2023-12-11 09:50:01: 
2023-12-11 09:50:01: start date: 20231111
2023-12-11 09:50:01: end date: 20231211
2023-12-11 09:50:01: 
2023-12-11 09:50:01: 
2023-12-11 09:50:01: ************************************************************
2023-12-11 09:50:01: current date: 20231111
2023-12-11 09:50:01: 
2023-12-11 09:50:01: *********************************
2023-12-11 09:50:01: calling calc_seasaccum.py with CHIRPS-v2.0-p05-merged sadc pr 20231111 pent seasaccum index 1991 2020 0 0
2023-12-11 09:50:01: python /home/station/csis/calc_seasaccum.py /storageserver/RCC//data/observed/CHIRPS-v2.0-p05-merged/day/sadc/pr /storageserver/RCC//data/observed/CHIRPS-v2.0-p05-merged/pent/sadc/seasaccum CHIRPS-v2.0-p05-merged sadc pr 20231111 pent seasaccum index 1991 2020 0 0
2023-12-11 09:50:01: /storageserver/RCC//data/observed/CHIRPS-v2.0-p05-merged/pent/sadc/seasaccum/seasaccum_pent_CHIRPS-v2.0-p05-merged_sadc_20231101.nc exists, and overwrite is off. skipping...
2023-12-11 09:50:01: /storageserver/RCC//data/observed/CHIRPS-v2.0-p05-merged/pent/sadc/seasaccum/seasaccum_pent_CHIRPS-v2.0-p05-merged_sadc_20231106.nc exists, and overwrite is off. skipping...
2023-12-11 09:50:01: /storageserver/RCC//data/observed/CHIRPS-v2.0-p05-merged/pent/sadc/seasaccum/seasaccum_pent_CHIRPS-v2.0-p05-merged_sadc_20231111.nc exists, and overwrite is off. skipping...
2023-12-11 09:50:01: /storageserver/RCC//data/observed/CHIRPS-v2.0-p05-merged/pent/sadc/seasaccum/seasaccum_pent_CHIRPS-v2.0-p05-merged_sadc_20231116.nc exists, and overwrite is off. skipping...
2023-12-11 09:50:01: /storageserver/RCC//data/observed/CHIRPS-v2.0-p05-merged/pent/sadc/seasaccum/seasaccum_pent_CHIRPS-v2.0-p05-merged_sadc_20231121.nc exists, and overwrite is off. skipping...
2023-12-11 09:50:01: /storageserver/RCC//data/observed/CHIRPS-v2.0-p05-merged/pent/sadc/seasaccum/seasaccum_pent_CHIRPS-v2.0-p05-merged_sadc_20231126.nc exists, and overwrite is off. skipping...
2023-12-11 09:50:01: 
2023-12-11 09:50:01: 
2023-12-11 09:50:01: ************************************************************
2023-12-11 09:50:01: current date: 20231211
2023-12-11 09:50:01: 
2023-12-11 09:50:01: *********************************
2023-12-11 09:50:01: calling calc_seasaccum.py with CHIRPS-v2.0-p05-merged sadc pr 20231211 pent seasaccum index 1991 2020 0 0
2023-12-11 09:50:01: python /home/station/csis/calc_seasaccum.py /storageserver/RCC//data/observed/CHIRPS-v2.0-p05-merged/day/sadc/pr /storageserver/RCC//data/observed/CHIRPS-v2.0-p05-merged/pent/sadc/seasaccum CHIRPS-v2.0-p05-merged sadc pr 20231211 pent seasaccum index 1991 2020 0 0
2023-12-11 09:50:01: /storageserver/RCC//data/observed/CHIRPS-v2.0-p05-merged/pent/sadc/seasaccum/seasaccum_pent_CHIRPS-v2.0-p05-merged_sadc_20231201.nc exists, and overwrite is off. skipping...
2023-12-11 09:50:01: outputfile does not exist. processing...
2023-12-11 09:50:01: found 704 files in /storageserver/RCC//data/observed/CHIRPS-v2.0-p05-merged/day/sadc/pr/pr_*_20231210*.nc
2023-12-11 09:50:01: too few. need 709. exiting...
2023-12-11 09:50:01: outputfile does not exist. processing...
2023-12-11 09:50:01: found 704 files in /storageserver/RCC//data/observed/CHIRPS-v2.0-p05-merged/day/sadc/pr/pr_*_20231215*.nc
2023-12-11 09:50:01: too few. need 714. exiting...
2023-12-11 09:50:01: outputfile does not exist. processing...
2023-12-11 09:50:01: found 704 files in /storageserver/RCC//data/observed/CHIRPS-v2.0-p05-merged/day/sadc/pr/pr_*_20231220*.nc
2023-12-11 09:50:01: too few. need 719. exiting...
2023-12-11 09:50:01: outputfile does not exist. processing...
2023-12-11 09:50:01: found 704 files in /storageserver/RCC//data/observed/CHIRPS-v2.0-p05-merged/day/sadc/pr/pr_*_20231225*.nc
2023-12-11 09:50:01: too few. need 724. exiting...
2023-12-11 09:50:01: outputfile does not exist. processing...
2023-12-11 09:50:01: found 704 files in /storageserver/RCC//data/observed/CHIRPS-v2.0-p05-merged/day/sadc/pr/pr_*_20231231*.nc
2023-12-11 09:50:01: too few. need 730. exiting...
2023-12-12 09:50:01: ***********************************************************************************************************************
2023-12-12 09:50:01: reading /home/station/csis/calc_seasaccum.lst
2023-12-12 09:50:01: read 3 entries
2023-12-12 09:50:01: startdate: 20231112
2023-12-12 09:50:01: enddate: 20231212
2023-12-12 09:50:01: dataset CHIRPS-v2.0-p05-merged
2023-12-12 09:50:01: datatype observed
2023-12-12 09:50:01: domain sadc
2023-12-12 09:50:01: var pr
2023-12-12 09:50:01: basetime mon
2023-12-12 09:50:01: index seasaccum
2023-12-12 09:50:01: attribute index
2023-12-12 09:50:01: 1991
2023-12-12 09:50:01: 2020
2023-12-12 09:50:01: fracmissing 0
2023-12-12 09:50:01: overwrite 0
2023-12-12 09:50:01: 
2023-12-12 09:50:01: start date: 20231112
2023-12-12 09:50:01: end date: 20231212
2023-12-12 09:50:01: 
2023-12-12 09:50:01: 
2023-12-12 09:50:01: ************************************************************
2023-12-12 09:50:01: current date: 20231112
2023-12-12 09:50:01: 
2023-12-12 09:50:01: *********************************
2023-12-12 09:50:01: calling calc_seasaccum.py with CHIRPS-v2.0-p05-merged sadc pr 20231112 mon seasaccum index 1991 2020 0 0
2023-12-12 09:50:01: python /home/station/csis/calc_seasaccum.py /storageserver/RCC//data/observed/CHIRPS-v2.0-p05-merged/day/sadc/pr /storageserver/RCC//data/observed/CHIRPS-v2.0-p05-merged/mon/sadc/seasaccum CHIRPS-v2.0-p05-merged sadc pr 20231112 mon seasaccum index 1991 2020 0 0
2023-12-12 09:50:01: /storageserver/RCC//data/observed/CHIRPS-v2.0-p05-merged/mon/sadc/seasaccum/seasaccum_mon_CHIRPS-v2.0-p05-merged_sadc_202311.nc exists, and overwrite is off. skipping...
2023-12-12 09:50:01: 
2023-12-12 09:50:01: 
2023-12-12 09:50:01: ************************************************************
2023-12-12 09:50:01: current date: 20231212
2023-12-12 09:50:01: 
2023-12-12 09:50:01: *********************************
2023-12-12 09:50:01: calling calc_seasaccum.py with CHIRPS-v2.0-p05-merged sadc pr 20231212 mon seasaccum index 1991 2020 0 0
2023-12-12 09:50:01: python /home/station/csis/calc_seasaccum.py /storageserver/RCC//data/observed/CHIRPS-v2.0-p05-merged/day/sadc/pr /storageserver/RCC//data/observed/CHIRPS-v2.0-p05-merged/mon/sadc/seasaccum CHIRPS-v2.0-p05-merged sadc pr 20231212 mon seasaccum index 1991 2020 0 0
2023-12-12 09:50:01: outputfile does not exist. processing...
2023-12-12 09:50:01: date range: 2022-01-01 00:00:00 2023-12-31 00:00:00
2023-12-12 09:50:01: found 704 files in /storageserver/RCC//data/observed/CHIRPS-v2.0-p05-merged/day/sadc/pr/pr_*_20231231*.nc
2023-12-12 09:50:01: too few. need 730. exiting...
2023-12-12 09:50:01: dataset CHIRPS-v2.0-p05-merged
2023-12-12 09:50:01: datatype observed
2023-12-12 09:50:01: domain sadc
2023-12-12 09:50:01: var pr
2023-12-12 09:50:01: basetime dek
2023-12-12 09:50:01: index seasaccum
2023-12-12 09:50:01: attribute index
2023-12-12 09:50:01: 1991
2023-12-12 09:50:01: 2020
2023-12-12 09:50:01: fracmissing 0
2023-12-12 09:50:01: overwrite 0
2023-12-12 09:50:01: 
2023-12-12 09:50:01: start date: 20231112
2023-12-12 09:50:01: end date: 20231212
2023-12-12 09:50:01: 
2023-12-12 09:50:01: 
2023-12-12 09:50:01: ************************************************************
2023-12-12 09:50:01: current date: 20231112
2023-12-12 09:50:01: 
2023-12-12 09:50:01: *********************************
2023-12-12 09:50:01: calling calc_seasaccum.py with CHIRPS-v2.0-p05-merged sadc pr 20231112 dek seasaccum index 1991 2020 0 0
2023-12-12 09:50:01: python /home/station/csis/calc_seasaccum.py /storageserver/RCC//data/observed/CHIRPS-v2.0-p05-merged/day/sadc/pr /storageserver/RCC//data/observed/CHIRPS-v2.0-p05-merged/dek/sadc/seasaccum CHIRPS-v2.0-p05-merged sadc pr 20231112 dek seasaccum index 1991 2020 0 0
2023-12-12 09:50:01: /storageserver/RCC//data/observed/CHIRPS-v2.0-p05-merged/dek/sadc/seasaccum/seasaccum_dek_CHIRPS-v2.0-p05-merged_sadc_20231101.nc exists, and overwrite is off. skipping...
2023-12-12 09:50:01: /storageserver/RCC//data/observed/CHIRPS-v2.0-p05-merged/dek/sadc/seasaccum/seasaccum_dek_CHIRPS-v2.0-p05-merged_sadc_20231111.nc exists, and overwrite is off. skipping...
2023-12-12 09:50:01: /storageserver/RCC//data/observed/CHIRPS-v2.0-p05-merged/dek/sadc/seasaccum/seasaccum_dek_CHIRPS-v2.0-p05-merged_sadc_20231121.nc exists, and overwrite is off. skipping...
2023-12-12 09:50:01: 
2023-12-12 09:50:01: 
2023-12-12 09:50:01: ************************************************************
2023-12-12 09:50:01: current date: 20231212
2023-12-12 09:50:01: 
2023-12-12 09:50:01: *********************************
2023-12-12 09:50:01: calling calc_seasaccum.py with CHIRPS-v2.0-p05-merged sadc pr 20231212 dek seasaccum index 1991 2020 0 0
2023-12-12 09:50:01: python /home/station/csis/calc_seasaccum.py /storageserver/RCC//data/observed/CHIRPS-v2.0-p05-merged/day/sadc/pr /storageserver/RCC//data/observed/CHIRPS-v2.0-p05-merged/dek/sadc/seasaccum CHIRPS-v2.0-p05-merged sadc pr 20231212 dek seasaccum index 1991 2020 0 0
2023-12-12 09:50:01: outputfile does not exist. processing...
2023-12-12 09:50:01: found 704 files in /storageserver/RCC//data/observed/CHIRPS-v2.0-p05-merged/day/sadc/pr/pr_*_20231210*.nc
2023-12-12 09:50:01: too few. need 709. exiting...
2023-12-12 09:50:01: outputfile does not exist. processing...
2023-12-12 09:50:01: found 704 files in /storageserver/RCC//data/observed/CHIRPS-v2.0-p05-merged/day/sadc/pr/pr_*_20231220*.nc
2023-12-12 09:50:01: too few. need 719. exiting...
2023-12-12 09:50:01: outputfile does not exist. processing...
2023-12-12 09:50:01: found 704 files in /storageserver/RCC//data/observed/CHIRPS-v2.0-p05-merged/day/sadc/pr/pr_*_20231231*.nc
2023-12-12 09:50:01: too few. need 730. exiting...
2023-12-12 09:50:01: dataset CHIRPS-v2.0-p05-merged
2023-12-12 09:50:01: datatype observed
2023-12-12 09:50:01: domain sadc
2023-12-12 09:50:01: var pr
2023-12-12 09:50:01: basetime pent
2023-12-12 09:50:01: index seasaccum
2023-12-12 09:50:01: attribute index
2023-12-12 09:50:01: 1991
2023-12-12 09:50:01: 2020
2023-12-12 09:50:01: fracmissing 0
2023-12-12 09:50:01: overwrite 0
2023-12-12 09:50:01: 
2023-12-12 09:50:01: start date: 20231112
2023-12-12 09:50:01: end date: 20231212
2023-12-12 09:50:01: 
2023-12-12 09:50:01: 
2023-12-12 09:50:01: ************************************************************
2023-12-12 09:50:01: current date: 20231112
2023-12-12 09:50:01: 
2023-12-12 09:50:01: *********************************
2023-12-12 09:50:01: calling calc_seasaccum.py with CHIRPS-v2.0-p05-merged sadc pr 20231112 pent seasaccum index 1991 2020 0 0
2023-12-12 09:50:01: python /home/station/csis/calc_seasaccum.py /storageserver/RCC//data/observed/CHIRPS-v2.0-p05-merged/day/sadc/pr /storageserver/RCC//data/observed/CHIRPS-v2.0-p05-merged/pent/sadc/seasaccum CHIRPS-v2.0-p05-merged sadc pr 20231112 pent seasaccum index 1991 2020 0 0
2023-12-12 09:50:01: /storageserver/RCC//data/observed/CHIRPS-v2.0-p05-merged/pent/sadc/seasaccum/seasaccum_pent_CHIRPS-v2.0-p05-merged_sadc_20231101.nc exists, and overwrite is off. skipping...
2023-12-12 09:50:01: /storageserver/RCC//data/observed/CHIRPS-v2.0-p05-merged/pent/sadc/seasaccum/seasaccum_pent_CHIRPS-v2.0-p05-merged_sadc_20231106.nc exists, and overwrite is off. skipping...
2023-12-12 09:50:01: /storageserver/RCC//data/observed/CHIRPS-v2.0-p05-merged/pent/sadc/seasaccum/seasaccum_pent_CHIRPS-v2.0-p05-merged_sadc_20231111.nc exists, and overwrite is off. skipping...
2023-12-12 09:50:01: /storageserver/RCC//data/observed/CHIRPS-v2.0-p05-merged/pent/sadc/seasaccum/seasaccum_pent_CHIRPS-v2.0-p05-merged_sadc_20231116.nc exists, and overwrite is off. skipping...
2023-12-12 09:50:01: /storageserver/RCC//data/observed/CHIRPS-v2.0-p05-merged/pent/sadc/seasaccum/seasaccum_pent_CHIRPS-v2.0-p05-merged_sadc_20231121.nc exists, and overwrite is off. skipping...
2023-12-12 09:50:01: /storageserver/RCC//data/observed/CHIRPS-v2.0-p05-merged/pent/sadc/seasaccum/seasaccum_pent_CHIRPS-v2.0-p05-merged_sadc_20231126.nc exists, and overwrite is off. skipping...
2023-12-12 09:50:01: 
2023-12-12 09:50:01: 
2023-12-12 09:50:01: ************************************************************
2023-12-12 09:50:01: current date: 20231212
2023-12-12 09:50:01: 
2023-12-12 09:50:01: *********************************
2023-12-12 09:50:01: calling calc_seasaccum.py with CHIRPS-v2.0-p05-merged sadc pr 20231212 pent seasaccum index 1991 2020 0 0
2023-12-12 09:50:01: python /home/station/csis/calc_seasaccum.py /storageserver/RCC//data/observed/CHIRPS-v2.0-p05-merged/day/sadc/pr /storageserver/RCC//data/observed/CHIRPS-v2.0-p05-merged/pent/sadc/seasaccum CHIRPS-v2.0-p05-merged sadc pr 20231212 pent seasaccum index 1991 2020 0 0
2023-12-12 09:50:01: /storageserver/RCC//data/observed/CHIRPS-v2.0-p05-merged/pent/sadc/seasaccum/seasaccum_pent_CHIRPS-v2.0-p05-merged_sadc_20231201.nc exists, and overwrite is off. skipping...
2023-12-12 09:50:01: outputfile does not exist. processing...
2023-12-12 09:50:01: found 704 files in /storageserver/RCC//data/observed/CHIRPS-v2.0-p05-merged/day/sadc/pr/pr_*_20231210*.nc
2023-12-12 09:50:01: too few. need 709. exiting...
2023-12-12 09:50:01: outputfile does not exist. processing...
2023-12-12 09:50:01: found 704 files in /storageserver/RCC//data/observed/CHIRPS-v2.0-p05-merged/day/sadc/pr/pr_*_20231215*.nc
2023-12-12 09:50:01: too few. need 714. exiting...
2023-12-12 09:50:01: outputfile does not exist. processing...
2023-12-12 09:50:01: found 704 files in /storageserver/RCC//data/observed/CHIRPS-v2.0-p05-merged/day/sadc/pr/pr_*_20231220*.nc
2023-12-12 09:50:01: too few. need 719. exiting...
2023-12-12 09:50:01: outputfile does not exist. processing...
2023-12-12 09:50:01: found 704 files in /storageserver/RCC//data/observed/CHIRPS-v2.0-p05-merged/day/sadc/pr/pr_*_20231225*.nc
2023-12-12 09:50:01: too few. need 724. exiting...
2023-12-12 09:50:01: outputfile does not exist. processing...
2023-12-12 09:50:01: found 704 files in /storageserver/RCC//data/observed/CHIRPS-v2.0-p05-merged/day/sadc/pr/pr_*_20231231*.nc
2023-12-12 09:50:01: too few. need 730. exiting...
